<?xml version="1.0" encoding="UTF-8"?>
<!-- Generated by org.testng.reporters.JUnitReportReporter -->
<testsuite hostname="LAPTOP-DI0Q8O11" failures="0" tests="1" name="flipkart.SearchProductTest" time="28.695" errors="0" timestamp="17 Oct 2022 18:31:35 GMT">
  <testcase classname="flipkart.SearchProductTest" name="searchProductTest" time="28.695"/>
</testsuite> <!-- flipkart.SearchProductTest -->
